<?xml version="1.0" encoding="UTF-8"?>
<!-- Generated by org.testng.reporters.JUnitXMLReporter -->
<testsuite hostname="DESKTOP-R22TH26" ignored="0" name="Default test" tests="3" failures="0" timestamp="2022-09-02T11:15:45 IST" time="21.943" errors="0">
  <testcase name="testActiTimeValidLogin" time="0.414" classname="testngpack.DataProviderCode"/>
  <testcase name="testActiTimeValidLogin" time="0.426" classname="testngpack.DataProviderCode"/>
  <testcase name="testActiTimeValidLogin" time="0.361" classname="testngpack.DataProviderCode"/>
</testsuite> <!-- Default test -->
